# JRE version: OpenJDK Runtime Environment (17.0.6) (build 17.0.6+0-b2043.56-10027231)
# Java VM: OpenJDK 64-Bit Server VM (17.0.6+0-b2043.56-10027231, mixed mode, tiered, compressed oops, compressed class ptrs, g1 gc, windows-amd64)
GC Precious Log:
 CPUs: 4 total, 4 available
 Memory: 16244M
 Large Page Support: Disabled
 NUMA Support: Disabled
 Compressed Oops: Enabled (32-bit)
 Heap Region Size: 1M
 Heap Min Capacity: 8M
 Heap Initial Capacity: 254M
 Heap Max Capacity: 2G
 Pre-touch: Disabled
 Parallel Workers: 4
 Concurrent Workers: 1
 Concurrent Refinement Workers: 4
 Periodic GC: Disabled
Heap:
 garbage-first heap   total 491520K, used 339968K [0x0000000080000000, 0x0000000100000000)
  region size 1024K, 93 young (95232K), 3 survivors (3072K)
 Metaspace       used 180218K, committed 181184K, reserved 1212416K
  class space    used 23005K, committed 23488K, reserved 1048576K
GC Heap History (20 events):
Event: 33.349 GC heap before
{Heap before GC invocations=47 (full 0):
 garbage-first heap   total 491520K, used 370545K [0x0000000080000000, 0x0000000100000000)
  region size 1024K, 193 young (197632K), 7 survivors (7168K)
 Metaspace       used 143681K, committed 144512K, reserved 1179648K
  class space    used 18795K, committed 19200K, reserved 1048576K
}
Event: 33.382 GC heap after
{Heap after GC invocations=48 (full 0):
 garbage-first heap   total 491520K, used 199063K [0x0000000080000000, 0x0000000100000000)
  region size 1024K, 25 young (25600K), 25 survivors (25600K)
 Metaspace       used 143681K, committed 144512K, reserved 1179648K
  class space    used 18795K, committed 19200K, reserved 1048576K
}
Event: 36.237 GC heap before
{Heap before GC invocations=48 (full 0):
 garbage-first heap   total 491520K, used 369047K [0x0000000080000000, 0x0000000100000000)
  region size 1024K, 192 young (196608K), 25 survivors (25600K)
 Metaspace       used 143710K, committed 144512K, reserved 1179648K
  class space    used 18796K, committed 19200K, reserved 1048576K
}
Event: 36.273 GC heap after
{Heap after GC invocations=49 (full 0):
 garbage-first heap   total 491520K, used 210432K [0x0000000080000000, 0x0000000100000000)
  region size 1024K, 15 young (15360K), 15 survivors (15360K)
 Metaspace       used 143710K, committed 144512K, reserved 1179648K
  class space    used 18796K, committed 19200K, reserved 1048576K
}
Event: 37.728 GC heap before
{Heap before GC invocations=49 (full 0):
 garbage-first heap   total 491520K, used 346624K [0x0000000080000000, 0x0000000100000000)
  region size 1024K, 137 young (140288K), 15 survivors (15360K)
 Metaspace       used 143750K, committed 144576K, reserved 1179648K
  class space    used 18807K, committed 19200K, reserved 1048576K
}
Event: 37.739 GC heap after
{Heap after GC invocations=50 (full 0):
 garbage-first heap   total 491520K, used 229888K [0x0000000080000000, 0x0000000100000000)
  region size 1024K, 7 young (7168K), 7 survivors (7168K)
 Metaspace       used 143750K, committed 144576K, reserved 1179648K
  class space    used 18807K, committed 19200K, reserved 1048576K
}
Event: 41.039 GC heap before
{Heap before GC invocations=51 (full 0):
 garbage-first heap   total 491520K, used 394752K [0x0000000080000000, 0x0000000100000000)
  region size 1024K, 166 young (169984K), 7 survivors (7168K)
 Metaspace       used 156334K, committed 157248K, reserved 1187840K
  class space    used 20252K, committed 20672K, reserved 1048576K
}
Event: 41.070 GC heap after
{Heap after GC invocations=52 (full 0):
 garbage-first heap   total 491520K, used 231424K [0x0000000080000000, 0x0000000100000000)
  region size 1024K, 21 young (21504K), 21 survivors (21504K)
 Metaspace       used 156334K, committed 157248K, reserved 1187840K
  class space    used 20252K, committed 20672K, reserved 1048576K
}
Event: 41.118 GC heap before
{Heap before GC invocations=52 (full 0):
 garbage-first heap   total 491520K, used 234496K [0x0000000080000000, 0x0000000100000000)
  region size 1024K, 24 young (24576K), 21 survivors (21504K)
 Metaspace       used 156558K, committed 157440K, reserved 1187840K
  class space    used 20281K, committed 20672K, reserved 1048576K
}
Event: 41.138 GC heap after
{Heap after GC invocations=53 (full 0):
 garbage-first heap   total 491520K, used 227783K [0x0000000080000000, 0x0000000100000000)
  region size 1024K, 2 young (2048K), 2 survivors (2048K)
 Metaspace       used 156558K, committed 157440K, reserved 1187840K
  class space    used 20281K, committed 20672K, reserved 1048576K
}
Event: 4388.166 GC heap before
{Heap before GC invocations=53 (full 0):
 garbage-first heap   total 491520K, used 391622K [0x0000000080000000, 0x0000000100000000)
  region size 1024K, 162 young (165888K), 2 survivors (2048K)
 Metaspace       used 160941K, committed 161984K, reserved 1196032K
  class space    used 20825K, committed 21312K, reserved 1048576K
}
Event: 4388.175 GC heap after
{Heap after GC invocations=54 (full 0):
 garbage-first heap   total 491520K, used 231088K [0x0000000080000000, 0x0000000100000000)
  region size 1024K, 6 young (6144K), 6 survivors (6144K)
 Metaspace       used 160941K, committed 161984K, reserved 1196032K
  class space    used 20825K, committed 21312K, reserved 1048576K
}
Event: 6091.437 GC heap before
{Heap before GC invocations=54 (full 0):
 garbage-first heap   total 491520K, used 395952K [0x0000000080000000, 0x0000000100000000)
  region size 1024K, 168 young (172032K), 6 survivors (6144K)
 Metaspace       used 168551K, committed 169536K, reserved 1204224K
  class space    used 21797K, committed 22272K, reserved 1048576K
}
Event: 6091.460 GC heap after
{Heap after GC invocations=55 (full 0):
 garbage-first heap   total 491520K, used 245191K [0x0000000080000000, 0x0000000100000000)
  region size 1024K, 19 young (19456K), 19 survivors (19456K)
 Metaspace       used 168551K, committed 169536K, reserved 1204224K
  class space    used 21797K, committed 22272K, reserved 1048576K
}
Event: 6093.743 GC heap before
{Heap before GC invocations=55 (full 0):
 garbage-first heap   total 491520K, used 314823K [0x0000000080000000, 0x0000000100000000)
  region size 1024K, 89 young (91136K), 19 survivors (19456K)
 Metaspace       used 173471K, committed 174528K, reserved 1204224K
  class space    used 22409K, committed 22976K, reserved 1048576K
}
Event: 6093.777 GC heap after
{Heap after GC invocations=56 (full 0):
 garbage-first heap   total 491520K, used 255907K [0x0000000080000000, 0x0000000100000000)
  region size 1024K, 11 young (11264K), 11 survivors (11264K)
 Metaspace       used 173471K, committed 174528K, reserved 1204224K
  class space    used 22409K, committed 22976K, reserved 1048576K
}
Event: 6097.686 GC heap before
{Heap before GC invocations=57 (full 0):
 garbage-first heap   total 491520K, used 434083K [0x0000000080000000, 0x0000000100000000)
  region size 1024K, 152 young (155648K), 11 survivors (11264K)
 Metaspace       used 177358K, committed 178304K, reserved 1204224K
  class space    used 22688K, committed 23168K, reserved 1048576K
}
Event: 6097.700 GC heap after
{Heap after GC invocations=58 (full 0):
 garbage-first heap   total 491520K, used 260096K [0x0000000080000000, 0x0000000100000000)
  region size 1024K, 11 young (11264K), 11 survivors (11264K)
 Metaspace       used 177358K, committed 178304K, reserved 1204224K
  class space    used 22688K, committed 23168K, reserved 1048576K
}
Event: 6097.905 GC heap before
{Heap before GC invocations=58 (full 0):
 garbage-first heap   total 491520K, used 273408K [0x0000000080000000, 0x0000000100000000)
  region size 1024K, 24 young (24576K), 11 survivors (11264K)
 Metaspace       used 177764K, committed 178752K, reserved 1212416K
  class space    used 22714K, committed 23232K, reserved 1048576K
}
Event: 6097.920 GC heap after
{Heap after GC invocations=59 (full 0):
 garbage-first heap   total 491520K, used 249856K [0x0000000080000000, 0x0000000100000000)
  region size 1024K, 3 young (3072K), 3 survivors (3072K)
 Metaspace       used 177764K, committed 178752K, reserved 1212416K
  class space    used 22714K, committed 23232K, reserved 1048576K
}

